<?xml version="1.0" encoding="UTF-8"?>
<testng-results ignored="0" total="1" passed="1" failed="0" skipped="0">
  <reporter-output>
  </reporter-output>
  <suite started-at="2023-07-13T04:45:58Z" name="Suite" finished-at="2023-07-13T04:46:22Z" duration-ms="24312">
    <groups>
    </groups>
    <test started-at="2023-07-13T04:45:58Z" name="Test" finished-at="2023-07-13T04:46:22Z" duration-ms="24312">
      <class name="com.nop.Nop_Desktop">
        <test-method is-config="true" signature="beforeClass()[pri:0, instance:com.nop.Nop_Desktop@63475ace]" started-at="2023-07-13T04:45:58Z" name="beforeClass" finished-at="2023-07-13T04:46:08Z" duration-ms="10204" status="PASS">
          <reporter-output>
          </reporter-output>
        </test-method> <!-- beforeClass -->
        <test-method signature="TC_01_CreateProduct()[pri:0, instance:com.nop.Nop_Desktop@63475ace]" started-at="2023-07-13T04:46:08Z" name="TC_01_CreateProduct" finished-at="2023-07-13T04:46:22Z" duration-ms="14003" status="PASS">
          <reporter-output>
          </reporter-output>
        </test-method> <!-- TC_01_CreateProduct -->
        <test-method is-config="true" signature="afterClass()[pri:0, instance:com.nop.Nop_Desktop@63475ace]" started-at="2023-07-13T04:46:22Z" name="afterClass" finished-at="2023-07-13T04:46:22Z" duration-ms="83" status="PASS">
          <reporter-output>
          </reporter-output>
        </test-method> <!-- afterClass -->
      </class> <!-- com.nop.Nop_Desktop -->
    </test> <!-- Test -->
  </suite> <!-- Suite -->
</testng-results>
